Added Component: Designator=C1(C1206_2uF)
Add component. Clean all parameters for all variants
Added Component: Designator=C2(C1206_2uF)
Add component. Clean all parameters for all variants
Added Component: Designator=C3(C1206_2uF)
Add component. Clean all parameters for all variants
Added Component: Designator=C4(C1206_2uF)
Add component. Clean all parameters for all variants
Added Component: Designator=C5(C1206_2uF)
Add component. Clean all parameters for all variants
Added Component: Designator=C6(C1206_2uF)
Add component. Clean all parameters for all variants
Added Component: Designator=C7(C1206_2uF)
Add component. Clean all parameters for all variants
Added Component: Designator=C8(C1206_2uF)
Add component. Clean all parameters for all variants
Added Component: Designator=C9(C1206_2uF)
Add component. Clean all parameters for all variants
Added Component: Designator=C10(C1206_2uF)
Add component. Clean all parameters for all variants
Added Component: Designator=C11(C1206_2uF)
Add component. Clean all parameters for all variants
Added Component: Designator=C12(C1206_2uF)
Add component. Clean all parameters for all variants
Added Component: Designator=D1(15SQ045)
Add component. Clean all parameters for all variants
Added Component: Designator=J1(5.08_con_1)
Add component. Clean all parameters for all variants
Added Component: Designator=J2(5.08_con_1)
Add component. Clean all parameters for all variants
Added Component: Designator=L1(100uH_SMD)
Add component. Clean all parameters for all variants
Added Component: Designator=Q1(IRFZ44N)
Add component. Clean all parameters for all variants
Added Component: Designator=R1(pot_100k_1)
Add component. Clean all parameters for all variants
Added Component: Designator=R2(R2512)
Add component. Clean all parameters for all variants
Added Component: Designator=R3(R2512)
Add component. Clean all parameters for all variants
Added Component: Designator=R4(1206_Res)
Add component. Clean all parameters for all variants
Added Component: Designator=R5(1206_Res)
Add component. Clean all parameters for all variants
Added Component: Designator=R6(2512)
Add component. Clean all parameters for all variants
Added Component: Designator=R7(2512)
Add component. Clean all parameters for all variants
Added Component: Designator=R8(1206_Res)
Add component. Clean all parameters for all variants
Added Component: Designator=R9(1206_Res)
Add component. Clean all parameters for all variants
Added Component: Designator=R10(1206_Res)
Add component. Clean all parameters for all variants
Added Component: Designator=R11(1206_Res)
Add component. Clean all parameters for all variants
Added Component: Designator=U1(uc3843_SOIC8)
Add component. Clean all parameters for all variants
Added Pin To Net: NetName=GND Pin=C1-1
Added Pin To Net: NetName=VOUT Pin=C1-2
Added Pin To Net: NetName=GND Pin=C2-1
Added Pin To Net: NetName=VOUT Pin=C2-2
Added Pin To Net: NetName=GND Pin=C3-1
Added Pin To Net: NetName=VOUT Pin=C3-2
Added Pin To Net: NetName=GND Pin=C4-1
Added Pin To Net: NetName=VOUT Pin=C4-2
Added Pin To Net: NetName=GND Pin=C5-1
Added Pin To Net: NetName=VOUT Pin=C5-2
Added Pin To Net: NetName=GND Pin=C6-1
Added Pin To Net: NetName=VCC Pin=C6-2
Added Pin To Net: NetName=NetC7_1 Pin=C7-1
Added Pin To Net: NetName=NetC7_2 Pin=C7-2
Added Pin To Net: NetName=GND Pin=C8-1
Added Pin To Net: NetName=NetC8_2 Pin=C8-2
Added Pin To Net: NetName=GND Pin=C9-1
Added Pin To Net: NetName=NetC8_2 Pin=C9-2
Added Pin To Net: NetName=GND Pin=C10-1
Added Pin To Net: NetName=NetC10_2 Pin=C10-2
Added Pin To Net: NetName=GND Pin=C11-1
Added Pin To Net: NetName=NetC11_2 Pin=C11-2
Added Pin To Net: NetName=GND Pin=C12-1
Added Pin To Net: NetName=VCC Pin=C12-2
Added Pin To Net: NetName=VOUT Pin=D1-1
Added Pin To Net: NetName=NetD1_2 Pin=D1-2
Added Pin To Net: NetName=VCC Pin=J1-1
Added Pin To Net: NetName=GND Pin=J1-2
Added Pin To Net: NetName=VOUT Pin=J2-1
Added Pin To Net: NetName=GND Pin=J2-2
Added Pin To Net: NetName=VCC Pin=L1-1
Added Pin To Net: NetName=NetD1_2 Pin=L1-2
Added Pin To Net: NetName=NetQ1_1 Pin=Q1-1
Added Pin To Net: NetName=NetD1_2 Pin=Q1-2
Added Pin To Net: NetName=NetQ1_3 Pin=Q1-3
Added Pin To Net: NetName=NetC7_1 Pin=R1-1
Added Pin To Net: NetName=NetC7_1 Pin=R1-2
Added Pin To Net: NetName=VOUT Pin=R1-3
Added Pin To Net: NetName=GND Pin=R2-1
Added Pin To Net: NetName=VOUT Pin=R2-2
Added Pin To Net: NetName=GND Pin=R3-1
Added Pin To Net: NetName=VOUT Pin=R3-2
Added Pin To Net: NetName=NetR4_1 Pin=R4-1
Added Pin To Net: NetName=NetQ1_1 Pin=R4-2
Added Pin To Net: NetName=GND Pin=R5-1
Added Pin To Net: NetName=NetC7_1 Pin=R5-2
Added Pin To Net: NetName=GND Pin=R6-1
Added Pin To Net: NetName=NetQ1_3 Pin=R6-2
Added Pin To Net: NetName=GND Pin=R7-1
Added Pin To Net: NetName=NetQ1_3 Pin=R7-2
Added Pin To Net: NetName=NetR8_1 Pin=R8-1
Added Pin To Net: NetName=NetC11_2 Pin=R8-2
Added Pin To Net: NetName=NetC8_2 Pin=R9-1
Added Pin To Net: NetName=VCC Pin=R9-2
Added Pin To Net: NetName=NetC7_1 Pin=R10-1
Added Pin To Net: NetName=NetC7_2 Pin=R10-2
Added Pin To Net: NetName=NetQ1_3 Pin=R11-1
Added Pin To Net: NetName=NetC10_2 Pin=R11-2
Added Pin To Net: NetName=NetC7_2 Pin=U1-1
Added Pin To Net: NetName=NetC7_1 Pin=U1-2
Added Pin To Net: NetName=NetC10_2 Pin=U1-3
Added Pin To Net: NetName=NetC11_2 Pin=U1-4
Added Pin To Net: NetName=GND Pin=U1-5
Added Pin To Net: NetName=NetR4_1 Pin=U1-6
Added Pin To Net: NetName=NetC8_2 Pin=U1-7
Added Pin To Net: NetName=NetR8_1 Pin=U1-8
Added Member To Class: ClassName=Sheet1 Member=Component C1 100nF
Added Member To Class: ClassName=Sheet1 Member=Component C2 1000uF/50V
Added Member To Class: ClassName=Sheet1 Member=Component C3 1000uF/50V
Added Member To Class: ClassName=Sheet1 Member=Component C4 1000uF/50V
Added Member To Class: ClassName=Sheet1 Member=Component C5 1uF/50V
Added Member To Class: ClassName=Sheet1 Member=Component C6 470uF/50V
Added Member To Class: ClassName=Sheet1 Member=Component C7 1nF
Added Member To Class: ClassName=Sheet1 Member=Component C8 10uF
Added Member To Class: ClassName=Sheet1 Member=Component C9 10uF
Added Member To Class: ClassName=Sheet1 Member=Component C10 470pF
Added Member To Class: ClassName=Sheet1 Member=Component C11 1nF
Added Member To Class: ClassName=Sheet1 Member=Component C12 1uF/50V
Added Member To Class: ClassName=Sheet1 Member=Component D1 1N5822
Added Member To Class: ClassName=Sheet1 Member=Component J1 con_5.08
Added Member To Class: ClassName=Sheet1 Member=Component J2 con_5.08
Added Member To Class: ClassName=Sheet1 Member=Component L1 100uH
Added Member To Class: ClassName=Sheet1 Member=Component Q1 IRFZ44N
Added Member To Class: ClassName=Sheet1 Member=Component R1 100k_pot
Added Member To Class: ClassName=Sheet1 Member=Component R2 10k
Added Member To Class: ClassName=Sheet1 Member=Component R3 10k
Added Member To Class: ClassName=Sheet1 Member=Component R4 4.7R
Added Member To Class: ClassName=Sheet1 Member=Component R5 1k
Added Member To Class: ClassName=Sheet1 Member=Component R6 0.1R
Added Member To Class: ClassName=Sheet1 Member=Component R7 0.1R
Added Member To Class: ClassName=Sheet1 Member=Component R8 15k
Added Member To Class: ClassName=Sheet1 Member=Component R9 10R
Added Member To Class: ClassName=Sheet1 Member=Component R10 100k
Added Member To Class: ClassName=Sheet1 Member=Component R11 1k
Added Member To Class: ClassName=Sheet1 Member=Component U1 uc3843_SMD
Added Room: Name=Sheet1
