Change Component Designator: OldDesignator=C? NewDesignator=C7
Change Component Designator: OldDesignator=C? NewDesignator=C8
Change Component Designator: OldDesignator=C? NewDesignator=C9
Change Component Designator: OldDesignator=C? NewDesignator=C10
Change Component Designator: OldDesignator=C? NewDesignator=C11
Change Net Name : Old Net Name=NetC?_1 New Net Name=NetC7_1
Change Net Name : Old Net Name=NetC?_2 New Net Name=NetC10_2
Added Pin To Net: NetName=NetC7_2 Pin=C7-2
Added Pin To Net: NetName=NetC7_2 Pin=R10-2
Added Pin To Net: NetName=NetC7_2 Pin=U1-1
Added Net: Name=NetC7_2
Added Pin To Net: NetName=NetC8_2 Pin=C8-2
Added Pin To Net: NetName=NetC8_2 Pin=C9-2
Added Pin To Net: NetName=NetC8_2 Pin=R9-1
Added Pin To Net: NetName=NetC8_2 Pin=U1-7
Added Net: Name=NetC8_2
Added Pin To Net: NetName=NetC11_2 Pin=C11-2
Added Pin To Net: NetName=NetC11_2 Pin=R8-2
Added Pin To Net: NetName=NetC11_2 Pin=U1-4
Added Net: Name=NetC11_2
Added Member To Class: ClassName=Sheet1 Member=Component C7 1nF
Added Member To Class: ClassName=Sheet1 Member=Component C8 10uF
Added Member To Class: ClassName=Sheet1 Member=Component C9 10uF
Added Member To Class: ClassName=Sheet1 Member=Component C10 470pF
