Removed Pin From Net: NetName=GND Pin=-1
Removed Pin From Net: NetName=NetC7_1 Pin=C7-1
Removed Pin From Net: NetName=GND Pin=C8-1
Removed Pin From Net: NetName=GND Pin=C9-1
Removed Pin From Net: NetName=GND Pin=C11-1
Removed Member From Class: ClassName=Sheet1 Member=C7
Removed Member From Class: ClassName=Sheet1 Member=C8
Removed Member From Class: ClassName=Sheet1 Member=C9
Removed Member From Class: ClassName=Sheet1 Member=C11
Removed Member From Class: ClassName=Sheet1 Member=
Added Component: Designator=C?(C1206_2uF)
Add component. Clean all parameters for all variants
Added Component: Designator=C?(C1206_2uF)
Add component. Clean all parameters for all variants
Added Component: Designator=C?(C1206_2uF)
Add component. Clean all parameters for all variants
Added Component: Designator=C?(C1206_2uF)
Add component. Clean all parameters for all variants
Added Component: Designator=C?(C1206_2uF)
Add component. Clean all parameters for all variants
Added Pin To Net: NetName=GND Pin=C?-1
Added Pin To Net: NetName=GND Pin=C?-1
Added Pin To Net: NetName=GND Pin=C?-1
Added Pin To Net: NetName=GND Pin=C?-1
Added Pin To Net: NetName=NetC7_1 Pin=C?-1
Change Net Name : Old Net Name=NetC7_1 New Net Name=NetC?_1
Added Pin To Net: NetName=NetC?_2 Pin=C?-2
Added Pin To Net: NetName=NetC?_2 Pin=R11-2
Added Pin To Net: NetName=NetC?_2 Pin=U1-3
Added Net: Name=NetC?_2
Added Member To Class: ClassName=Sheet1 Member=Component C? 1nF
Added Member To Class: ClassName=Sheet1 Member=Component C? 1nF
Added Member To Class: ClassName=Sheet1 Member=Component C? 10uF
Added Member To Class: ClassName=Sheet1 Member=Component C? 10uF
Added Member To Class: ClassName=Sheet1 Member=Component C? 470pF
Added Room: Name=Sheet1
